{
  "RSpec": {
    "coverage": {
      "/Users/jailalawat/projects/scraping_app/lib/log_analyzer.rb": {
        "lines": [
          null,
          null,
          1,
          null,
          1,
          1,
          null,
          1,
          null,
          1,
          4,
          4,
          null,
          1,
          7,
          19,
          null,
          null,
          1,
          7,
          7,
          84,
          84,
          null,
          null,
          null,
          null,
          1,
          2,
          null,
          null,
          1,
          1,
          null,
          null,
          1,
          null,
          1,
          2,
          null,
          null,
          1,
          2,
          2,
          null,
          null,
          1,
          12,
          null,
          null,
          1,
          12,
          null,
          null
        ]
      },
      "/Users/jailalawat/projects/scraping_app/spec/lib/log_analyzer_spec.rb": {
        "lines": [
          null,
          null,
          1,
          1,
          null,
          1,
          1,
          1,
          1,
          1,
          1,
          null,
          null,
          1,
          1,
          1,
          1,
          null,
          null,
          1,
          1,
          1,
          1,
          null,
          null,
          null,
          1,
          5,
          5,
          5,
          null,
          1,
          1,
          null,
          1,
          null,
          null,
          null,
          null,
          null,
          1,
          1,
          null,
          null,
          null,
          1,
          3,
          1,
          2,
          null,
          null,
          1,
          null,
          1,
          1,
          2,
          null,
          1,
          null,
          null,
          null,
          1,
          2,
          1,
          1,
          null,
          null,
          1,
          null,
          null,
          null,
          null,
          null,
          null,
          null
        ]
      },
      "/Users/jailalawat/projects/scraping_app/spec/support/shared_examples/page_views.rb": {
        "lines": [
          1,
          2,
          2,
          null,
          null
        ]
      }
    },
    "timestamp": 1658847634
  }
}
